<?xml version="1.0" encoding="UTF-8"?>
<!-- Generated by org.testng.reporters.JUnitReportReporter -->
<testsuite name="com.bhanu.testScripts.login.JenkinTest" tests="1" time="0.001" ignored="0" failures="0" timestamp="01 Dec 2018 11:49:18 GMT" skipped="0" hostname="sajjad-PC" errors="0">
  <testcase name="loginTest" time="0.001" classname="com.bhanu.testScripts.login.JenkinTest"/>
</testsuite> <!-- com.bhanu.testScripts.login.JenkinTest -->
