<?xml version="1.0" encoding="UTF-8"?>
<!-- Generated by org.testng.reporters.JUnitReportReporter -->
<testsuite name="mic.sajjad.Guru99TakeScreenshot" tests="1" time="4.048" ignored="0" failures="0" timestamp="03 Dec 2018 04:42:08 GMT" skipped="0" hostname="sajjad-PC" errors="0">
  <testcase name="testGuru99TakeScreenShot" time="4.048" classname="mic.sajjad.Guru99TakeScreenshot"/>
</testsuite> <!-- mic.sajjad.Guru99TakeScreenshot -->
