<?xml version="1.0" encoding="UTF-8"?>
<!-- Generated by org.testng.reporters.JUnitReportReporter -->
<testsuite name="mic.sajjad.TakeScreenshot" tests="1" time="4.400" ignored="0" failures="0" timestamp="03 Dec 2018 04:57:51 GMT" skipped="0" hostname="sajjad-PC" errors="0">
  <testcase name="testGuru99TakeScreenShot" time="4.400" classname="mic.sajjad.TakeScreenshot"/>
</testsuite> <!-- mic.sajjad.TakeScreenshot -->
