<?xml version="1.0" encoding="UTF-8"?>
<!-- Generated by org.testng.reporters.JUnitReportReporter -->
<testsuite name="com.bhanu.testScripts.login.LoginTestRND" tests="4" time="0.010" ignored="0" failures="0" timestamp="02 Dec 2018 15:44:44 GMT" skipped="0" hostname="sajjad-PC" errors="0">
  <testcase name="loginTest1" time="0.005" classname="com.bhanu.testScripts.login.LoginTestRND"/>
  <testcase name="loginTest1" time="0.002" classname="com.bhanu.testScripts.login.LoginTestRND"/>
  <testcase name="loginTest1" time="0.001" classname="com.bhanu.testScripts.login.LoginTestRND"/>
  <testcase name="loginTest1" time="0.002" classname="com.bhanu.testScripts.login.LoginTestRND"/>
</testsuite> <!-- com.bhanu.testScripts.login.LoginTestRND -->
