<?xml version="1.0" encoding="UTF-8"?>
<!-- Generated by org.testng.reporters.JUnitReportReporter -->
<testsuite name="com.bhanu.testScripts.leads.CreatesLeads" tests="3" time="59.702" ignored="0" failures="0" timestamp="02 Dec 2018 15:39:02 GMT" skipped="0" hostname="sajjad-PC" errors="0">
  <testcase name="testCreateLead" time="21.165" classname="com.bhanu.testScripts.leads.CreatesLeads"/>
  <testcase name="testCreateLead" time="20.240" classname="com.bhanu.testScripts.leads.CreatesLeads"/>
  <testcase name="testCreateLead" time="18.297" classname="com.bhanu.testScripts.leads.CreatesLeads"/>
</testsuite> <!-- com.bhanu.testScripts.leads.CreatesLeads -->
