<?xml version="1.0" encoding="UTF-8"?>
<!-- Generated by org.testng.reporters.JUnitReportReporter -->
<testsuite name="com.bhanu.testScripts.login.LoginTest" tests="2" time="11.629" ignored="0" failures="0" timestamp="02 Dec 2018 16:18:35 GMT" skipped="0" hostname="sajjad-PC" errors="0">
  <testcase name="loginTest" time="6.092" classname="com.bhanu.testScripts.login.LoginTest"/>
  <testcase name="loginTest" time="5.537" classname="com.bhanu.testScripts.login.LoginTest"/>
</testsuite> <!-- com.bhanu.testScripts.login.LoginTest -->
